0 info it worked if it ends with ok
1 verbose cli [ '/Users/gutenberg/.nvm/versions/node/v5.0.0/bin/node',
1 verbose cli   '/Users/gutenberg/.nvm/versions/node/v5.0.0/bin/npm',
1 verbose cli   'start' ]
2 info using npm@3.3.6
3 info using node@v5.0.0
4 verbose run-script [ 'prestart', 'start', 'poststart' ]
5 info lifecycle commenting@0.1.0~prestart: commenting@0.1.0
6 silly lifecycle commenting@0.1.0~prestart: no script for prestart, continuing
7 info lifecycle commenting@0.1.0~start: commenting@0.1.0
8 verbose lifecycle commenting@0.1.0~start: unsafe-perm in lifecycle true
9 verbose lifecycle commenting@0.1.0~start: PATH: /Users/gutenberg/.nvm/versions/node/v5.0.0/lib/node_modules/npm/bin/node-gyp-bin:/Users/gutenberg/demo/node_modules/.bin:/Users/gutenberg/.nvm/versions/node/v5.0.0/bin:/Users/gutenberg/anaconda/bin:/usr/bin:/bin:/usr/sbin:/sbin:/usr/local/bin:/usr/local/git/bin
10 verbose lifecycle commenting@0.1.0~start: CWD: /Users/gutenberg/demo
11 silly lifecycle commenting@0.1.0~start: Args: [ '-c', 'DEBUG=true node server.js' ]
12 silly lifecycle commenting@0.1.0~start: Returned: code: 1  signal: null
13 info lifecycle commenting@0.1.0~start: Failed to exec start script
14 verbose stack Error: commenting@0.1.0 start: `DEBUG=true node server.js`
14 verbose stack Exit status 1
14 verbose stack     at EventEmitter.<anonymous> (/Users/gutenberg/.nvm/versions/node/v5.0.0/lib/node_modules/npm/lib/utils/lifecycle.js:233:16)
14 verbose stack     at emitTwo (events.js:87:13)
14 verbose stack     at EventEmitter.emit (events.js:172:7)
14 verbose stack     at ChildProcess.<anonymous> (/Users/gutenberg/.nvm/versions/node/v5.0.0/lib/node_modules/npm/lib/utils/spawn.js:24:14)
14 verbose stack     at emitTwo (events.js:87:13)
14 verbose stack     at ChildProcess.emit (events.js:172:7)
14 verbose stack     at maybeClose (internal/child_process.js:818:16)
14 verbose stack     at Process.ChildProcess._handle.onexit (internal/child_process.js:211:5)
15 verbose pkgid commenting@0.1.0
16 verbose cwd /Users/gutenberg/demo
17 error Darwin 14.1.0
18 error argv "/Users/gutenberg/.nvm/versions/node/v5.0.0/bin/node" "/Users/gutenberg/.nvm/versions/node/v5.0.0/bin/npm" "start"
19 error node v5.0.0
20 error npm  v3.3.6
21 error code ELIFECYCLE
22 error commenting@0.1.0 start: `DEBUG=true node server.js`
22 error Exit status 1
23 error Failed at the commenting@0.1.0 start script 'DEBUG=true node server.js'.
23 error This is most likely a problem with the commenting package,
23 error not with npm itself.
23 error Tell the author that this fails on your system:
23 error     DEBUG=true node server.js
23 error You can get their info via:
23 error     npm owner ls commenting
23 error There is likely additional logging output above.
24 verbose exit [ 1, true ]
